{"level":"error","message":"Error creating procedimento, error: undefined","service":"post-service","timestamp":"2024-12-19 20:05:45"}
{"level":"error","message":"Error: undefined","service":"post-service","timestamp":"2024-12-19 20:05:45"}
{"level":"error","message":"Error creating procedimentos, error: new row violates row-level security policy for table \"procedimentos\"","service":"post-service","timestamp":"2024-12-19 20:09:14"}
{"level":"error","message":"Error: new row violates row-level security policy for table \"procedimentos\"","service":"post-service","timestamp":"2024-12-19 20:09:14"}
{"level":"error","message":"Error creating consulta, error: new row violates row-level security policy for table \"consultas\"","service":"post-service","timestamp":"2024-12-19 20:24:04"}
{"level":"error","message":"Error: new row violates row-level security policy for table \"consultas\"","service":"post-service","timestamp":"2024-12-19 20:24:04"}
{"level":"error","message":"Error creating consulta, error: insert or update on table \"consultas\" violates foreign key constraint \"consulta_user_fkey\"","service":"post-service","timestamp":"2024-12-19 20:25:16"}
{"level":"error","message":"Error: insert or update on table \"consultas\" violates foreign key constraint \"consulta_user_fkey\"","service":"post-service","timestamp":"2024-12-19 20:25:16"}
{"level":"error","message":"Error creating orcamento, error: Could not find the 'medico' column of 'orcamentos' in the schema cache","service":"post-service","timestamp":"2024-12-19 21:34:09"}
{"level":"error","message":"Error: Could not find the 'medico' column of 'orcamentos' in the schema cache","service":"post-service","timestamp":"2024-12-19 21:34:09"}
{"level":"error","message":"Error creating orcamento, error: Could not find the 'medico' column of 'orcamentos' in the schema cache","service":"post-service","timestamp":"2024-12-19 21:34:53"}
{"level":"error","message":"Error: Could not find the 'medico' column of 'orcamentos' in the schema cache","service":"post-service","timestamp":"2024-12-19 21:34:53"}
{"level":"error","message":"Error creating orcamento, error: insert or update on table \"orcamentos\" violates foreign key constraint \"orcamentos_medico_fkey\"","service":"post-service","timestamp":"2024-12-19 21:37:05"}
{"level":"error","message":"Error: insert or update on table \"orcamentos\" violates foreign key constraint \"orcamentos_medico_fkey\"","service":"post-service","timestamp":"2024-12-19 21:37:05"}
{"level":"error","message":"Error creating medicos, error: JWT expired","service":"post-service","timestamp":"2024-12-19 22:32:06"}
{"level":"error","message":"Error: JWT expired","service":"post-service","timestamp":"2024-12-19 22:32:06"}
{"level":"error","message":"Error creating medicos, error: Could not find the 'nome' column of 'medicos' in the schema cache","service":"post-service","timestamp":"2024-12-20 12:16:44"}
{"level":"error","message":"Error: Could not find the 'nome' column of 'medicos' in the schema cache","service":"post-service","timestamp":"2024-12-20 12:16:44"}
{"level":"error","message":"Error creating medicos, error: Could not find the 'nome' column of 'medicos' in the schema cache","service":"post-service","timestamp":"2024-12-20 12:16:57"}
{"level":"error","message":"Error: Could not find the 'nome' column of 'medicos' in the schema cache","service":"post-service","timestamp":"2024-12-20 12:16:57"}
{"level":"error","message":"Error creating medicos, error: Could not find the 'nome' column of 'medicos' in the schema cache","service":"post-service","timestamp":"2024-12-20 12:18:58"}
{"level":"error","message":"Error: Could not find the 'nome' column of 'medicos' in the schema cache","service":"post-service","timestamp":"2024-12-20 12:18:58"}
{"level":"error","message":"Error creating medicos, error: Could not find the 'nome' column of 'medicos' in the schema cache","service":"post-service","timestamp":"2024-12-20 12:19:31"}
{"level":"error","message":"Error: Could not find the 'nome' column of 'medicos' in the schema cache","service":"post-service","timestamp":"2024-12-20 12:19:31"}
{"level":"error","message":"Error fetching all medicos, error: ${error.message}","service":"post-service","timestamp":"2024-12-20 12:37:46"}
{"level":"error","message":"Error: JWT expired","service":"post-service","timestamp":"2024-12-20 12:37:46"}
{"level":"error","message":"Error fetching all medicos, error: ${error.message}","service":"post-service","timestamp":"2024-12-20 12:38:10"}
{"level":"error","message":"Error: JWT expired","service":"post-service","timestamp":"2024-12-20 12:38:10"}
{"level":"error","message":"Error deleting medicos by id: undefined, error: invalid input syntax for type uuid: \"undefined\"","service":"post-service","timestamp":"2024-12-20 12:41:21"}
{"level":"error","message":"Error: invalid input syntax for type uuid: \"undefined\"","service":"post-service","timestamp":"2024-12-20 12:41:21"}
{"level":"error","message":"Error deleting medicos by id: undefined, error: invalid input syntax for type uuid: \"undefined\"","service":"post-service","timestamp":"2024-12-20 12:44:23"}
{"level":"error","message":"Error: invalid input syntax for type uuid: \"undefined\"","service":"post-service","timestamp":"2024-12-20 12:44:23"}
{"level":"error","message":"Error creating orcamento, error: Could not find the 'observacao' column of 'orcamentos' in the schema cache","service":"post-service","timestamp":"2024-12-20 13:56:54"}
{"level":"error","message":"Error: Could not find the 'observacao' column of 'orcamentos' in the schema cache","service":"post-service","timestamp":"2024-12-20 13:56:54"}
{"level":"error","message":"Error creating orcamento, error: null value in column \"medico\" of relation \"orcamentos\" violates not-null constraint","service":"post-service","timestamp":"2024-12-20 13:57:43"}
{"level":"error","message":"Error: null value in column \"medico\" of relation \"orcamentos\" violates not-null constraint","service":"post-service","timestamp":"2024-12-20 13:57:43"}
{"level":"error","message":"Error creating orcamento, error: null value in column \"medico\" of relation \"orcamentos\" violates not-null constraint","service":"post-service","timestamp":"2024-12-20 13:57:43"}
{"level":"error","message":"Error: null value in column \"medico\" of relation \"orcamentos\" violates not-null constraint","service":"post-service","timestamp":"2024-12-20 13:57:43"}
{"level":"error","message":"Error creating orcamento, error: null value in column \"medico\" of relation \"orcamentos\" violates not-null constraint","service":"post-service","timestamp":"2024-12-20 13:58:09"}
{"level":"error","message":"Error: null value in column \"medico\" of relation \"orcamentos\" violates not-null constraint","service":"post-service","timestamp":"2024-12-20 13:58:09"}
{"level":"error","message":"Error fetching all procedimentos, error: ${error.message}","service":"post-service","timestamp":"2024-12-20 14:52:55"}
{"level":"error","message":"Error: JWT expired","service":"post-service","timestamp":"2024-12-20 14:52:55"}
{"level":"error","message":"Error fetching all procedimentos, error: ${error.message}","service":"post-service","timestamp":"2024-12-20 14:53:00"}
{"level":"error","message":"Error: JWT expired","service":"post-service","timestamp":"2024-12-20 14:53:00"}
{"level":"error","message":"Error fetching all procedimentos, error: ${error.message}","service":"post-service","timestamp":"2024-12-20 14:54:57"}
{"level":"error","message":"Error: JWT expired","service":"post-service","timestamp":"2024-12-20 14:54:57"}
{"level":"error","message":"Error fetching all procedimentos, error: ${error.message}","service":"post-service","timestamp":"2024-12-20 14:55:12"}
{"level":"error","message":"Error: JWT expired","service":"post-service","timestamp":"2024-12-20 14:55:12"}
{"level":"error","message":"Error fetching all procedimentos, error: ${error.message}","service":"post-service","timestamp":"2024-12-20 14:55:33"}
{"level":"error","message":"Error: JWT expired","service":"post-service","timestamp":"2024-12-20 14:55:33"}
{"level":"error","message":"Error fetching all procedimentos, error: ${error.message}","service":"post-service","timestamp":"2024-12-20 14:55:38"}
{"level":"error","message":"Error: JWT expired","service":"post-service","timestamp":"2024-12-20 14:55:38"}
{"level":"error","message":"Error fetching all procedimentos, error: ${error.message}","service":"post-service","timestamp":"2024-12-20 14:56:06"}
{"level":"error","message":"Error: JWT expired","service":"post-service","timestamp":"2024-12-20 14:56:06"}
{"level":"error","message":"Error creating consulta, error: invalid input syntax for type uuid: \"{\"data\":{\"user\":{\"id\":\"86e6a321-9d7b-48b7-a274-18ad580a87ad\",\"aud\":\"authenticated\",\"role\":\"authenticated\",\"email\":\"teste@teste.com\",\"email_confirmed_at\":\"2024-12-19T01:08:30.350415Z\",\"phone\":\"\",\"confirmed_at\":\"2024-12-19T01:08:30.350415Z\",\"last_sign_in_at\":\"2024-12-20T17:56:19.232819Z\",\"app_metadata\":{\"provider\":\"email\",\"providers\":[\"email\"]},\"user_metadata\":{},\"identities\":[{\"identity_id\":\"24efdbe3-ad25-44f0-b859-fda2c05349d0\",\"id\":\"86e6a321-9d7b-48b7-a274-18ad580a87ad\",\"user_id\":\"86e6a321-9d7b-48b7-a274-18ad580a87ad\",\"identity_data\":{\"email\":\"teste@teste.com\",\"email_verified\":false,\"phone_verified\":false,\"sub\":\"86e6a321-9d7b-48b7-a274-18ad580a87ad\"},\"provider\":\"email\",\"last_sign_in_at\":\"2024-12-19T01:08:30.348302Z\",\"created_at\":\"2024-12-19T01:08:30.348363Z\",\"updated_at\":\"2024-12-19T01:08:30.348363Z\",\"email\":\"teste@teste.com\"}],\"created_at\":\"2024-12-19T01:08:30.345034Z\",\"updated_at\":\"2024-12-20T17:56:19.242125Z\",\"is_anonymous\":false}},\"error\":null}\"","service":"post-service","timestamp":"2024-12-20 15:26:08"}
{"level":"error","message":"Error: invalid input syntax for type uuid: \"{\"data\":{\"user\":{\"id\":\"86e6a321-9d7b-48b7-a274-18ad580a87ad\",\"aud\":\"authenticated\",\"role\":\"authenticated\",\"email\":\"teste@teste.com\",\"email_confirmed_at\":\"2024-12-19T01:08:30.350415Z\",\"phone\":\"\",\"confirmed_at\":\"2024-12-19T01:08:30.350415Z\",\"last_sign_in_at\":\"2024-12-20T17:56:19.232819Z\",\"app_metadata\":{\"provider\":\"email\",\"providers\":[\"email\"]},\"user_metadata\":{},\"identities\":[{\"identity_id\":\"24efdbe3-ad25-44f0-b859-fda2c05349d0\",\"id\":\"86e6a321-9d7b-48b7-a274-18ad580a87ad\",\"user_id\":\"86e6a321-9d7b-48b7-a274-18ad580a87ad\",\"identity_data\":{\"email\":\"teste@teste.com\",\"email_verified\":false,\"phone_verified\":false,\"sub\":\"86e6a321-9d7b-48b7-a274-18ad580a87ad\"},\"provider\":\"email\",\"last_sign_in_at\":\"2024-12-19T01:08:30.348302Z\",\"created_at\":\"2024-12-19T01:08:30.348363Z\",\"updated_at\":\"2024-12-19T01:08:30.348363Z\",\"email\":\"teste@teste.com\"}],\"created_at\":\"2024-12-19T01:08:30.345034Z\",\"updated_at\":\"2024-12-20T17:56:19.242125Z\",\"is_anonymous\":false}},\"error\":null}\"","service":"post-service","timestamp":"2024-12-20 15:26:08"}
{"level":"error","message":"Error creating consulta, error: null value in column \"user\" of relation \"consultas\" violates not-null constraint","service":"post-service","timestamp":"2024-12-20 15:26:58"}
{"level":"error","message":"Error: null value in column \"user\" of relation \"consultas\" violates not-null constraint","service":"post-service","timestamp":"2024-12-20 15:26:58"}
{"level":"error","message":"Error creating consulta, error: invalid input syntax for type uuid: \"{\"user\":{\"id\":\"86e6a321-9d7b-48b7-a274-18ad580a87ad\",\"aud\":\"authenticated\",\"role\":\"authenticated\",\"email\":\"teste@teste.com\",\"email_confirmed_at\":\"2024-12-19T01:08:30.350415Z\",\"phone\":\"\",\"confirmed_at\":\"2024-12-19T01:08:30.350415Z\",\"last_sign_in_at\":\"2024-12-20T17:56:19.232819Z\",\"app_metadata\":{\"provider\":\"email\",\"providers\":[\"email\"]},\"user_metadata\":{},\"identities\":[{\"identity_id\":\"24efdbe3-ad25-44f0-b859-fda2c05349d0\",\"id\":\"86e6a321-9d7b-48b7-a274-18ad580a87ad\",\"user_id\":\"86e6a321-9d7b-48b7-a274-18ad580a87ad\",\"identity_data\":{\"email\":\"teste@teste.com\",\"email_verified\":false,\"phone_verified\":false,\"sub\":\"86e6a321-9d7b-48b7-a274-18ad580a87ad\"},\"provider\":\"email\",\"last_sign_in_at\":\"2024-12-19T01:08:30.348302Z\",\"created_at\":\"2024-12-19T01:08:30.348363Z\",\"updated_at\":\"2024-12-19T01:08:30.348363Z\",\"email\":\"teste@teste.com\"}],\"created_at\":\"2024-12-19T01:08:30.345034Z\",\"updated_at\":\"2024-12-20T17:56:19.242125Z\",\"is_anonymous\":false}}\"","service":"post-service","timestamp":"2024-12-20 15:29:53"}
{"level":"error","message":"Error: invalid input syntax for type uuid: \"{\"user\":{\"id\":\"86e6a321-9d7b-48b7-a274-18ad580a87ad\",\"aud\":\"authenticated\",\"role\":\"authenticated\",\"email\":\"teste@teste.com\",\"email_confirmed_at\":\"2024-12-19T01:08:30.350415Z\",\"phone\":\"\",\"confirmed_at\":\"2024-12-19T01:08:30.350415Z\",\"last_sign_in_at\":\"2024-12-20T17:56:19.232819Z\",\"app_metadata\":{\"provider\":\"email\",\"providers\":[\"email\"]},\"user_metadata\":{},\"identities\":[{\"identity_id\":\"24efdbe3-ad25-44f0-b859-fda2c05349d0\",\"id\":\"86e6a321-9d7b-48b7-a274-18ad580a87ad\",\"user_id\":\"86e6a321-9d7b-48b7-a274-18ad580a87ad\",\"identity_data\":{\"email\":\"teste@teste.com\",\"email_verified\":false,\"phone_verified\":false,\"sub\":\"86e6a321-9d7b-48b7-a274-18ad580a87ad\"},\"provider\":\"email\",\"last_sign_in_at\":\"2024-12-19T01:08:30.348302Z\",\"created_at\":\"2024-12-19T01:08:30.348363Z\",\"updated_at\":\"2024-12-19T01:08:30.348363Z\",\"email\":\"teste@teste.com\"}],\"created_at\":\"2024-12-19T01:08:30.345034Z\",\"updated_at\":\"2024-12-20T17:56:19.242125Z\",\"is_anonymous\":false}}\"","service":"post-service","timestamp":"2024-12-20 15:29:53"}
{"level":"error","message":"Error fetching consulta by user id: 2ffb425b-a4c5-4901-a531-3f44252eda41, error: JWT expired","service":"post-service","timestamp":"2024-12-20 16:16:25"}
{"level":"error","message":"Error: JWT expired","service":"post-service","timestamp":"2024-12-20 16:16:25"}
{"level":"error","message":"Error fetching consulta by user id: 2ffb425b-a4c5-4901-a531-3f44252eda41, error: JWT expired","service":"post-service","timestamp":"2024-12-20 16:16:39"}
{"level":"error","message":"Error: JWT expired","service":"post-service","timestamp":"2024-12-20 16:16:39"}
{"level":"error","message":"Error fetching consulta by user id: 2ffb425b-a4c5-4901-a531-3f44252eda41, error: JWT expired","service":"post-service","timestamp":"2024-12-20 16:16:53"}
{"level":"error","message":"Error: JWT expired","service":"post-service","timestamp":"2024-12-20 16:16:53"}
{"level":"error","message":"Error fetching consulta by user id: 04436c23-b453-4113-8a64-68d790274622, error: JWT expired","service":"post-service","timestamp":"2024-12-20 16:17:45"}
{"level":"error","message":"Error: JWT expired","service":"post-service","timestamp":"2024-12-20 16:17:45"}
{"level":"error","message":"Error fetching consulta by user id: undefined, error: invalid input syntax for type uuid: \"undefined\"","service":"post-service","timestamp":"2024-12-20 16:20:27"}
{"level":"error","message":"Error: invalid input syntax for type uuid: \"undefined\"","service":"post-service","timestamp":"2024-12-20 16:20:27"}
{"level":"error","message":"Error fetching consulta by user id: undefined, error: invalid input syntax for type uuid: \"undefined\"","service":"post-service","timestamp":"2024-12-20 16:21:05"}
{"level":"error","message":"Error: invalid input syntax for type uuid: \"undefined\"","service":"post-service","timestamp":"2024-12-20 16:21:05"}
{"level":"error","message":"Error fetching consulta by user id: undefined, error: invalid input syntax for type uuid: \"undefined\"","service":"post-service","timestamp":"2024-12-20 16:21:16"}
{"level":"error","message":"Error: invalid input syntax for type uuid: \"undefined\"","service":"post-service","timestamp":"2024-12-20 16:21:16"}
{"level":"error","message":"Error updating consulta by id: 50c8390b-c799-464d-a51f-98b3ee165e80, error: invalid input syntax for type uuid: \"{\"id\":\"715d6617-482b-4eda-8696-536d5b0a1ceb\",\"name\":\"Ultrason\",\"medicos\":[\"5677a2da-e016-4251-b30d-8b9d856802af\",\"8490cbc6-be54-438f-9472-b94dda71f818\"],\"created_at\":\"2024-12-20T18:25:43.138056+00:00\"}\"","service":"post-service","timestamp":"2024-12-20 16:47:39"}
{"level":"error","message":"Error: invalid input syntax for type uuid: \"{\"id\":\"715d6617-482b-4eda-8696-536d5b0a1ceb\",\"name\":\"Ultrason\",\"medicos\":[\"5677a2da-e016-4251-b30d-8b9d856802af\",\"8490cbc6-be54-438f-9472-b94dda71f818\"],\"created_at\":\"2024-12-20T18:25:43.138056+00:00\"}\"","service":"post-service","timestamp":"2024-12-20 16:47:39"}
{"level":"error","message":"Error updating consulta by id: 50c8390b-c799-464d-a51f-98b3ee165e80, error: invalid input syntax for type uuid: \"{\"id\":\"715d6617-482b-4eda-8696-536d5b0a1ceb\",\"name\":\"Ultrason\",\"medicos\":[\"5677a2da-e016-4251-b30d-8b9d856802af\",\"8490cbc6-be54-438f-9472-b94dda71f818\"],\"created_at\":\"2024-12-20T18:25:43.138056+00:00\"}\"","service":"post-service","timestamp":"2024-12-20 16:48:32"}
{"level":"error","message":"Error: invalid input syntax for type uuid: \"{\"id\":\"715d6617-482b-4eda-8696-536d5b0a1ceb\",\"name\":\"Ultrason\",\"medicos\":[\"5677a2da-e016-4251-b30d-8b9d856802af\",\"8490cbc6-be54-438f-9472-b94dda71f818\"],\"created_at\":\"2024-12-20T18:25:43.138056+00:00\"}\"","service":"post-service","timestamp":"2024-12-20 16:48:32"}
{"level":"error","message":"Error updating consulta by id: 50c8390b-c799-464d-a51f-98b3ee165e80, error: invalid input syntax for type uuid: \"{\"id\":\"715d6617-482b-4eda-8696-536d5b0a1ceb\",\"name\":\"Ultrason\",\"medicos\":[\"5677a2da-e016-4251-b30d-8b9d856802af\",\"8490cbc6-be54-438f-9472-b94dda71f818\"],\"created_at\":\"2024-12-20T18:25:43.138056+00:00\"}\"","service":"post-service","timestamp":"2024-12-20 16:49:38"}
{"level":"error","message":"Error: invalid input syntax for type uuid: \"{\"id\":\"715d6617-482b-4eda-8696-536d5b0a1ceb\",\"name\":\"Ultrason\",\"medicos\":[\"5677a2da-e016-4251-b30d-8b9d856802af\",\"8490cbc6-be54-438f-9472-b94dda71f818\"],\"created_at\":\"2024-12-20T18:25:43.138056+00:00\"}\"","service":"post-service","timestamp":"2024-12-20 16:49:38"}
{"level":"error","message":"Error fetching all procedimentos, error: ${error.message}","service":"post-service","timestamp":"2024-12-20 17:31:05"}
{"level":"error","message":"Error: JWT expired","service":"post-service","timestamp":"2024-12-20 17:31:05"}
{"level":"error","message":"Error fetching all medicos, error: ${error.message}","service":"post-service","timestamp":"2024-12-20 17:31:06"}
{"level":"error","message":"Error: JWT expired","service":"post-service","timestamp":"2024-12-20 17:31:06"}
{"level":"error","message":"Error fetching consulta by user id: 86e6a321-9d7b-48b7-a274-18ad580a87ad, error: JWT expired","service":"post-service","timestamp":"2024-12-20 17:31:07"}
{"level":"error","message":"Error: JWT expired","service":"post-service","timestamp":"2024-12-20 17:31:07"}
{"level":"error","message":"Error creating convenio, error: null value in column \"name\" of relation \"convenios\" violates not-null constraint","service":"post-service","timestamp":"2024-12-20 17:37:16"}
{"level":"error","message":"Error: null value in column \"name\" of relation \"convenios\" violates not-null constraint","service":"post-service","timestamp":"2024-12-20 17:37:16"}
{"level":"error","message":"Error creating convenio, error: null value in column \"name\" of relation \"convenios\" violates not-null constraint","service":"post-service","timestamp":"2024-12-20 17:41:21"}
{"level":"error","message":"Error: null value in column \"name\" of relation \"convenios\" violates not-null constraint","service":"post-service","timestamp":"2024-12-20 17:41:21"}
{"level":"error","message":"Error deleting medicos by id: 8490cbc6-be54-438f-9472-b94dda71f818, error: update or delete on table \"medicos\" violates foreign key constraint \"consultas_medico_fkey\" on table \"consultas\"","service":"post-service","timestamp":"2024-12-20 18:10:48"}
{"level":"error","message":"Error: update or delete on table \"medicos\" violates foreign key constraint \"consultas_medico_fkey\" on table \"consultas\"","service":"post-service","timestamp":"2024-12-20 18:10:48"}
{"level":"error","message":"Error deleting medicos by id: 5677a2da-e016-4251-b30d-8b9d856802af, error: update or delete on table \"medicos\" violates foreign key constraint \"consultas_medico_fkey\" on table \"consultas\"","service":"post-service","timestamp":"2024-12-20 18:10:53"}
{"level":"error","message":"Error: update or delete on table \"medicos\" violates foreign key constraint \"consultas_medico_fkey\" on table \"consultas\"","service":"post-service","timestamp":"2024-12-20 18:10:53"}
{"level":"error","message":"Error fetching all convenios, error: ${error.message}","service":"post-service","timestamp":"2024-12-20 18:33:45"}
{"level":"error","message":"Error: JWT expired","service":"post-service","timestamp":"2024-12-20 18:33:45"}
{"level":"error","message":"Error fetching all orcamentos, error: ${error.message}","service":"post-service","timestamp":"2024-12-20 18:33:45"}
{"level":"error","message":"Error: JWT expired","service":"post-service","timestamp":"2024-12-20 18:33:45"}
{"level":"error","message":"Error fetching all convenios, error: ${error.message}","service":"post-service","timestamp":"2024-12-20 18:33:52"}
{"level":"error","message":"Error: JWT expired","service":"post-service","timestamp":"2024-12-20 18:33:52"}
{"level":"error","message":"Error fetching all orcamentos, error: ${error.message}","service":"post-service","timestamp":"2024-12-20 18:33:52"}
{"level":"error","message":"Error: JWT expired","service":"post-service","timestamp":"2024-12-20 18:33:52"}
{"level":"error","message":"Error fetching all orcamentos, error: ${error.message}","service":"post-service","timestamp":"2024-12-20 18:34:21"}
{"level":"error","message":"Error: relation \"public.*, user:users(*), convenio:convenios(*)\" does not exist","service":"post-service","timestamp":"2024-12-20 18:34:21"}
{"level":"error","message":"Error fetching all orcamentos, error: ${error.message}","service":"post-service","timestamp":"2024-12-20 18:37:08"}
{"level":"error","message":"Error: relation \"public.*, user:users(*), convenio:convenios(*)\" does not exist","service":"post-service","timestamp":"2024-12-20 18:37:08"}
{"level":"error","message":"Error fetching all orcamentos, error: ${error.message}","service":"post-service","timestamp":"2024-12-20 18:38:14"}
{"level":"error","message":"Error: relation \"public.*, convenio:convenios(*)\" does not exist","service":"post-service","timestamp":"2024-12-20 18:38:14"}
